***********************************
You have loaded a Miniforge3 module
***********************************
---------------------------------------------------------------------------------------------------
NOTE: NSC strongly advices against placing 'mamba activate' (or 'conda
activate', with or without
      arguments) or conda initialize commands in your shell initialization
files, (e.g. '.bashrc' or '.bash_profile') since
      this severely alters the environment for running software in ways that
cause unpredictable
      issues that can be difficult to diagnose.
---------------------------------------------------------------------------------------------------

testar
T1 files: 71, T2 files: 71, T2 LR files: 71
71
Train patches: 49, Val patches: 11, Test patches: 11
Number of training batches: 3675
Network initialized
Number of epochs: 10
Using: cuda (SLURM GPUs: 1)
Starting training...
Epoch 1/10, Loss: 0.0036
Epoch 2/10, Loss: 0.0014
Epoch 3/10, Loss: 0.0011
Epoch 4/10, Loss: 0.0010
Epoch 5/10, Loss: 0.0009
Epoch 6/10, Loss: 0.0008
Epoch 7/10, Loss: 0.0007
Epoch 8/10, Loss: 0.0006
Epoch 9/10, Loss: 0.0006
Epoch 10/10, Loss: 0.0005
Processed validation image 1/11
Processed validation image 2/11
Processed validation image 3/11
Processed validation image 4/11
Processed validation image 5/11
Processed validation image 6/11
Processed validation image 7/11
Processed validation image 8/11
Processed validation image 9/11
Processed validation image 10/11
Processed validation image 11/11
