***********************************
You have loaded a Miniforge3 module
***********************************
---------------------------------------------------------------------------------------------------
NOTE: NSC strongly advices against placing 'mamba activate' (or 'conda
activate', with or without
      arguments) or conda initialize commands in your shell initialization
files, (e.g. '.bashrc' or '.bash_profile') since
      this severely alters the environment for running software in ways that
cause unpredictable
      issues that can be difficult to diagnose.
---------------------------------------------------------------------------------------------------

testar
T1 files: 71, T2 files: 71, T2 LR files: 71
71
Train patches: 49, Val patches: 11, Test patches: 11
Number of training batches: 3675
Network initialized
Number of epochs: 500
Using: cuda (SLURM GPUs: 1)
Starting training...
Epoch 1/500, Loss: 0.0078
Epoch 2/500, Loss: 0.0016
Epoch 3/500, Loss: 0.0012
Epoch 4/500, Loss: 0.0011
Epoch 5/500, Loss: 0.0010
Epoch 6/500, Loss: 0.0009
Epoch 7/500, Loss: 0.0008
Epoch 8/500, Loss: 0.0007
Epoch 9/500, Loss: 0.0007
Epoch 10/500, Loss: 0.0006
Epoch 11/500, Loss: 0.0006
Epoch 12/500, Loss: 0.0006
Epoch 13/500, Loss: 0.0005
Epoch 14/500, Loss: 0.0005
Epoch 15/500, Loss: 0.0005
Epoch 16/500, Loss: 0.0005
Epoch 17/500, Loss: 0.0004
Epoch 18/500, Loss: 0.0004
Epoch 19/500, Loss: 0.0004
Epoch 20/500, Loss: 0.0004
Epoch 21/500, Loss: 0.0004
Epoch 22/500, Loss: 0.0004
Epoch 23/500, Loss: 0.0004
Epoch 24/500, Loss: 0.0004
Epoch 25/500, Loss: 0.0004
Epoch 26/500, Loss: 0.0004
Epoch 27/500, Loss: 0.0003
Epoch 28/500, Loss: 0.0003
Epoch 29/500, Loss: 0.0003
Epoch 30/500, Loss: 0.0003
Epoch 31/500, Loss: 0.0003
Epoch 32/500, Loss: 0.0003
Epoch 33/500, Loss: 0.0003
Epoch 34/500, Loss: 0.0003
Epoch 35/500, Loss: 0.0003
Epoch 36/500, Loss: 0.0003
Epoch 37/500, Loss: 0.0003
Epoch 38/500, Loss: 0.0003
Epoch 39/500, Loss: 0.0003
Epoch 40/500, Loss: 0.0003
Epoch 41/500, Loss: 0.0003
Epoch 42/500, Loss: 0.0003
Epoch 43/500, Loss: 0.0003
Epoch 44/500, Loss: 0.0003
Epoch 45/500, Loss: 0.0003
Epoch 46/500, Loss: 0.0003
Epoch 47/500, Loss: 0.0003
Epoch 48/500, Loss: 0.0003
Epoch 49/500, Loss: 0.0003
Epoch 50/500, Loss: 0.0003
Epoch 51/500, Loss: 0.0003
Epoch 52/500, Loss: 0.0003
Epoch 53/500, Loss: 0.0003
Epoch 54/500, Loss: 0.0003
Epoch 55/500, Loss: 0.0003
Epoch 56/500, Loss: 0.0003
Epoch 57/500, Loss: 0.0003
Epoch 58/500, Loss: 0.0003
Epoch 59/500, Loss: 0.0003
Epoch 60/500, Loss: 0.0003
Epoch 61/500, Loss: 0.0003
Epoch 62/500, Loss: 0.0003
Epoch 63/500, Loss: 0.0003
Epoch 64/500, Loss: 0.0003
Epoch 65/500, Loss: 0.0003
Epoch 66/500, Loss: 0.0003
Epoch 67/500, Loss: 0.0003
Epoch 68/500, Loss: 0.0003
Epoch 69/500, Loss: 0.0003
Epoch 70/500, Loss: 0.0003
Epoch 71/500, Loss: 0.0002
Epoch 72/500, Loss: 0.0002
Epoch 73/500, Loss: 0.0002
Epoch 74/500, Loss: 0.0002
Epoch 75/500, Loss: 0.0002
Epoch 76/500, Loss: 0.0002
Epoch 77/500, Loss: 0.0002
Epoch 78/500, Loss: 0.0002
Epoch 79/500, Loss: 0.0002
Epoch 80/500, Loss: 0.0002
Epoch 81/500, Loss: 0.0002
Epoch 82/500, Loss: 0.0002
Epoch 83/500, Loss: 0.0002
Epoch 84/500, Loss: 0.0002
Epoch 85/500, Loss: 0.0002
Epoch 86/500, Loss: 0.0002
Epoch 87/500, Loss: 0.0002
Epoch 88/500, Loss: 0.0002
Epoch 89/500, Loss: 0.0002
Epoch 90/500, Loss: 0.0002
Epoch 91/500, Loss: 0.0002
Epoch 92/500, Loss: 0.0002
Epoch 93/500, Loss: 0.0002
Epoch 94/500, Loss: 0.0002
Epoch 95/500, Loss: 0.0002
Epoch 96/500, Loss: 0.0002
Epoch 97/500, Loss: 0.0002
Epoch 98/500, Loss: 0.0002
Epoch 99/500, Loss: 0.0002
Epoch 100/500, Loss: 0.0002
Epoch 101/500, Loss: 0.0002
Epoch 102/500, Loss: 0.0002
Epoch 103/500, Loss: 0.0002
Epoch 104/500, Loss: 0.0002
Epoch 105/500, Loss: 0.0002
Epoch 106/500, Loss: 0.0002
Epoch 107/500, Loss: 0.0002
Epoch 108/500, Loss: 0.0002
Epoch 109/500, Loss: 0.0002
Epoch 110/500, Loss: 0.0002
Epoch 111/500, Loss: 0.0002
Epoch 112/500, Loss: 0.0002
Epoch 113/500, Loss: 0.0002
Epoch 114/500, Loss: 0.0002
Epoch 115/500, Loss: 0.0002
Epoch 116/500, Loss: 0.0002
Epoch 117/500, Loss: 0.0002
Epoch 118/500, Loss: 0.0002
Epoch 119/500, Loss: 0.0002
Epoch 120/500, Loss: 0.0002
Epoch 121/500, Loss: 0.0002
Epoch 122/500, Loss: 0.0002
Epoch 123/500, Loss: 0.0002
Epoch 124/500, Loss: 0.0002
Epoch 125/500, Loss: 0.0002
Epoch 126/500, Loss: 0.0002
Epoch 127/500, Loss: 0.0002
Epoch 128/500, Loss: 0.0002
Epoch 129/500, Loss: 0.0002
Epoch 130/500, Loss: 0.0002
Epoch 131/500, Loss: 0.0002
Epoch 132/500, Loss: 0.0002
Epoch 133/500, Loss: 0.0002
Epoch 134/500, Loss: 0.0002
Epoch 135/500, Loss: 0.0002
Epoch 136/500, Loss: 0.0002
Epoch 137/500, Loss: 0.0002
Epoch 138/500, Loss: 0.0002
Epoch 139/500, Loss: 0.0002
Epoch 140/500, Loss: 0.0002
Epoch 141/500, Loss: 0.0002
Epoch 142/500, Loss: 0.0002
Epoch 143/500, Loss: 0.0002
Epoch 144/500, Loss: 0.0002
Epoch 145/500, Loss: 0.0002
Epoch 146/500, Loss: 0.0002
Epoch 147/500, Loss: 0.0002
Epoch 148/500, Loss: 0.0002
Epoch 149/500, Loss: 0.0002
Epoch 150/500, Loss: 0.0002
Epoch 151/500, Loss: 0.0002
Epoch 152/500, Loss: 0.0002
Epoch 153/500, Loss: 0.0002
Epoch 154/500, Loss: 0.0002
Epoch 155/500, Loss: 0.0002
Epoch 156/500, Loss: 0.0002
Epoch 157/500, Loss: 0.0002
Epoch 158/500, Loss: 0.0002
Epoch 159/500, Loss: 0.0002
Epoch 160/500, Loss: 0.0002
Epoch 161/500, Loss: 0.0002
Epoch 162/500, Loss: 0.0002
Epoch 163/500, Loss: 0.0002
Epoch 164/500, Loss: 0.0002
Epoch 165/500, Loss: 0.0002
Epoch 166/500, Loss: 0.0002
Epoch 167/500, Loss: 0.0002
Epoch 168/500, Loss: 0.0002
Epoch 169/500, Loss: 0.0002
Epoch 170/500, Loss: 0.0002
Epoch 171/500, Loss: 0.0002
Epoch 172/500, Loss: 0.0002
Epoch 173/500, Loss: 0.0002
Epoch 174/500, Loss: 0.0002
Epoch 175/500, Loss: 0.0002
Epoch 176/500, Loss: 0.0002
Epoch 177/500, Loss: 0.0002
Epoch 178/500, Loss: 0.0002
Epoch 179/500, Loss: 0.0002
Epoch 180/500, Loss: 0.0002
Epoch 181/500, Loss: 0.0002
Epoch 182/500, Loss: 0.0002
Epoch 183/500, Loss: 0.0002
Epoch 184/500, Loss: 0.0002
Epoch 185/500, Loss: 0.0002
Epoch 186/500, Loss: 0.0002
Epoch 187/500, Loss: 0.0002
Epoch 188/500, Loss: 0.0002
Epoch 189/500, Loss: 0.0002
Epoch 190/500, Loss: 0.0002
Epoch 191/500, Loss: 0.0002
Epoch 192/500, Loss: 0.0002
Epoch 193/500, Loss: 0.0002
Epoch 194/500, Loss: 0.0002
Epoch 195/500, Loss: 0.0002
Epoch 196/500, Loss: 0.0002
Epoch 197/500, Loss: 0.0002
Epoch 198/500, Loss: 0.0002
Epoch 199/500, Loss: 0.0002
Epoch 200/500, Loss: 0.0002
Epoch 201/500, Loss: 0.0002
Epoch 202/500, Loss: 0.0002
Epoch 203/500, Loss: 0.0002
Epoch 204/500, Loss: 0.0002
Epoch 205/500, Loss: 0.0002
Epoch 206/500, Loss: 0.0002
Epoch 207/500, Loss: 0.0002
Epoch 208/500, Loss: 0.0002
Epoch 209/500, Loss: 0.0002
Epoch 210/500, Loss: 0.0002
Epoch 211/500, Loss: 0.0002
Epoch 212/500, Loss: 0.0002
Epoch 213/500, Loss: 0.0002
Epoch 214/500, Loss: 0.0002
Epoch 215/500, Loss: 0.0002
Epoch 216/500, Loss: 0.0002
Epoch 217/500, Loss: 0.0002
Epoch 218/500, Loss: 0.0002
Epoch 219/500, Loss: 0.0002
Epoch 220/500, Loss: 0.0002
Epoch 221/500, Loss: 0.0002
Epoch 222/500, Loss: 0.0002
Epoch 223/500, Loss: 0.0002
Epoch 224/500, Loss: 0.0002
Epoch 225/500, Loss: 0.0002
Epoch 226/500, Loss: 0.0002
Epoch 227/500, Loss: 0.0002
Epoch 228/500, Loss: 0.0002
Epoch 229/500, Loss: 0.0002
Epoch 230/500, Loss: 0.0002
Epoch 231/500, Loss: 0.0002
Epoch 232/500, Loss: 0.0002
Epoch 233/500, Loss: 0.0002
Epoch 234/500, Loss: 0.0002
Epoch 235/500, Loss: 0.0002
Epoch 236/500, Loss: 0.0002
Epoch 237/500, Loss: 0.0002
Epoch 238/500, Loss: 0.0002
Epoch 239/500, Loss: 0.0002
Epoch 240/500, Loss: 0.0002
Epoch 241/500, Loss: 0.0002
Epoch 242/500, Loss: 0.0002
Epoch 243/500, Loss: 0.0002
Epoch 244/500, Loss: 0.0002
Epoch 245/500, Loss: 0.0002
Epoch 246/500, Loss: 0.0002
Epoch 247/500, Loss: 0.0002
Epoch 248/500, Loss: 0.0002
Epoch 249/500, Loss: 0.0002
Epoch 250/500, Loss: 0.0002
Epoch 251/500, Loss: 0.0002
Epoch 252/500, Loss: 0.0002
Epoch 253/500, Loss: 0.0002
Epoch 254/500, Loss: 0.0002
Epoch 255/500, Loss: 0.0002
Epoch 256/500, Loss: 0.0002
Epoch 257/500, Loss: 0.0002
Epoch 258/500, Loss: 0.0002
Epoch 259/500, Loss: 0.0002
Epoch 260/500, Loss: 0.0002
Epoch 261/500, Loss: 0.0002
Epoch 262/500, Loss: 0.0002
Epoch 263/500, Loss: 0.0002
Epoch 264/500, Loss: 0.0002
Epoch 265/500, Loss: 0.0002
Epoch 266/500, Loss: 0.0002
Epoch 267/500, Loss: 0.0002
Epoch 268/500, Loss: 0.0002
Epoch 269/500, Loss: 0.0002
Epoch 270/500, Loss: 0.0002
Epoch 271/500, Loss: 0.0002
Epoch 272/500, Loss: 0.0002
Epoch 273/500, Loss: 0.0002
Epoch 274/500, Loss: 0.0002
Epoch 275/500, Loss: 0.0002
Epoch 276/500, Loss: 0.0002
Epoch 277/500, Loss: 0.0002
Epoch 278/500, Loss: 0.0002
Epoch 279/500, Loss: 0.0002
Epoch 280/500, Loss: 0.0002
Epoch 281/500, Loss: 0.0002
Epoch 282/500, Loss: 0.0002
Epoch 283/500, Loss: 0.0002
Epoch 284/500, Loss: 0.0002
Epoch 285/500, Loss: 0.0002
Epoch 286/500, Loss: 0.0002
Epoch 287/500, Loss: 0.0002
Epoch 288/500, Loss: 0.0002
Epoch 289/500, Loss: 0.0002
Epoch 290/500, Loss: 0.0002
Epoch 291/500, Loss: 0.0002
Epoch 292/500, Loss: 0.0002
Epoch 293/500, Loss: 0.0002
Epoch 294/500, Loss: 0.0002
Epoch 295/500, Loss: 0.0002
Epoch 296/500, Loss: 0.0002
Epoch 297/500, Loss: 0.0002
Epoch 298/500, Loss: 0.0002
Epoch 299/500, Loss: 0.0002
Epoch 300/500, Loss: 0.0002
Epoch 301/500, Loss: 0.0002
Epoch 302/500, Loss: 0.0002
Epoch 303/500, Loss: 0.0002
Epoch 304/500, Loss: 0.0002
Epoch 305/500, Loss: 0.0002
Epoch 306/500, Loss: 0.0002
Epoch 307/500, Loss: 0.0002
Epoch 308/500, Loss: 0.0002
Epoch 309/500, Loss: 0.0002
Epoch 310/500, Loss: 0.0002
Epoch 311/500, Loss: 0.0002
Epoch 312/500, Loss: 0.0002
Epoch 313/500, Loss: 0.0002
Epoch 314/500, Loss: 0.0002
Epoch 315/500, Loss: 0.0002
Epoch 316/500, Loss: 0.0002
Epoch 317/500, Loss: 0.0002
Epoch 318/500, Loss: 0.0002
Epoch 319/500, Loss: 0.0002
Epoch 320/500, Loss: 0.0002
Epoch 321/500, Loss: 0.0002
Epoch 322/500, Loss: 0.0002
Epoch 323/500, Loss: 0.0002
Epoch 324/500, Loss: 0.0002
Epoch 325/500, Loss: 0.0002
Epoch 326/500, Loss: 0.0002
Epoch 327/500, Loss: 0.0002
Epoch 328/500, Loss: 0.0002
Epoch 329/500, Loss: 0.0002
Epoch 330/500, Loss: 0.0002
Epoch 331/500, Loss: 0.0002
Epoch 332/500, Loss: 0.0002
Epoch 333/500, Loss: 0.0002
Epoch 334/500, Loss: 0.0002
Epoch 335/500, Loss: 0.0002
Epoch 336/500, Loss: 0.0002
Epoch 337/500, Loss: 0.0002
Epoch 338/500, Loss: 0.0002
Epoch 339/500, Loss: 0.0002
Epoch 340/500, Loss: 0.0002
Epoch 341/500, Loss: 0.0002
Epoch 342/500, Loss: 0.0002
Epoch 343/500, Loss: 0.0002
Epoch 344/500, Loss: 0.0002
Epoch 345/500, Loss: 0.0002
Epoch 346/500, Loss: 0.0002
Epoch 347/500, Loss: 0.0002
Epoch 348/500, Loss: 0.0002
Epoch 349/500, Loss: 0.0002
Epoch 350/500, Loss: 0.0002
Epoch 351/500, Loss: 0.0002
Epoch 352/500, Loss: 0.0002
Epoch 353/500, Loss: 0.0002
Epoch 354/500, Loss: 0.0002
Epoch 355/500, Loss: 0.0002
Epoch 356/500, Loss: 0.0002
Epoch 357/500, Loss: 0.0002
Epoch 358/500, Loss: 0.0002
Epoch 359/500, Loss: 0.0002
Epoch 360/500, Loss: 0.0002
Epoch 361/500, Loss: 0.0002
Epoch 362/500, Loss: 0.0002
Epoch 363/500, Loss: 0.0002
Epoch 364/500, Loss: 0.0002
Epoch 365/500, Loss: 0.0002
Epoch 366/500, Loss: 0.0002
Epoch 367/500, Loss: 0.0002
Epoch 368/500, Loss: 0.0002
Epoch 369/500, Loss: 0.0002
Epoch 370/500, Loss: 0.0002
Epoch 371/500, Loss: 0.0002
Epoch 372/500, Loss: 0.0002
Epoch 373/500, Loss: 0.0002
Epoch 374/500, Loss: 0.0002
Epoch 375/500, Loss: 0.0002
Epoch 376/500, Loss: 0.0002
Epoch 377/500, Loss: 0.0002
Epoch 378/500, Loss: 0.0002
Epoch 379/500, Loss: 0.0002
Epoch 380/500, Loss: 0.0002
Epoch 381/500, Loss: 0.0002
Epoch 382/500, Loss: 0.0002
Epoch 383/500, Loss: 0.0002
Epoch 384/500, Loss: 0.0002
Epoch 385/500, Loss: 0.0002
Epoch 386/500, Loss: 0.0002
Epoch 387/500, Loss: 0.0002
Epoch 388/500, Loss: 0.0002
Epoch 389/500, Loss: 0.0002
Epoch 390/500, Loss: 0.0002
Epoch 391/500, Loss: 0.0002
Epoch 392/500, Loss: 0.0002
Epoch 393/500, Loss: 0.0002
Epoch 394/500, Loss: 0.0002
Epoch 395/500, Loss: 0.0002
Epoch 396/500, Loss: 0.0002
Epoch 397/500, Loss: 0.0002
Epoch 398/500, Loss: 0.0002
Epoch 399/500, Loss: 0.0002
Epoch 400/500, Loss: 0.0002
Epoch 401/500, Loss: 0.0002
Epoch 402/500, Loss: 0.0002
Epoch 403/500, Loss: 0.0002
Epoch 404/500, Loss: 0.0002
Epoch 405/500, Loss: 0.0002
Epoch 406/500, Loss: 0.0002
Epoch 407/500, Loss: 0.0002
Epoch 408/500, Loss: 0.0002
Epoch 409/500, Loss: 0.0002
Epoch 410/500, Loss: 0.0002
Epoch 411/500, Loss: 0.0002
Epoch 412/500, Loss: 0.0002
Epoch 413/500, Loss: 0.0002
Epoch 414/500, Loss: 0.0002
Epoch 415/500, Loss: 0.0002
Epoch 416/500, Loss: 0.0002
Epoch 417/500, Loss: 0.0002
Epoch 418/500, Loss: 0.0002
Epoch 419/500, Loss: 0.0002
Epoch 420/500, Loss: 0.0002
Epoch 421/500, Loss: 0.0002
Epoch 422/500, Loss: 0.0002
Epoch 423/500, Loss: 0.0002
Epoch 424/500, Loss: 0.0002
Epoch 425/500, Loss: 0.0002
Epoch 426/500, Loss: 0.0002
Epoch 427/500, Loss: 0.0002
Epoch 428/500, Loss: 0.0002
Epoch 429/500, Loss: 0.0002
Epoch 430/500, Loss: 0.0002
Epoch 431/500, Loss: 0.0002
Epoch 432/500, Loss: 0.0002
Epoch 433/500, Loss: 0.0002
Epoch 434/500, Loss: 0.0002
Epoch 435/500, Loss: 0.0002
Epoch 436/500, Loss: 0.0002
Epoch 437/500, Loss: 0.0002
Epoch 438/500, Loss: 0.0002
Epoch 439/500, Loss: 0.0002
Epoch 440/500, Loss: 0.0002
Epoch 441/500, Loss: 0.0002
Epoch 442/500, Loss: 0.0002
Epoch 443/500, Loss: 0.0002
Epoch 444/500, Loss: 0.0002
Epoch 445/500, Loss: 0.0002
Epoch 446/500, Loss: 0.0002
Epoch 447/500, Loss: 0.0002
Epoch 448/500, Loss: 0.0002
Epoch 449/500, Loss: 0.0002
Epoch 450/500, Loss: 0.0002
Epoch 451/500, Loss: 0.0002
Epoch 452/500, Loss: 0.0002
Epoch 453/500, Loss: 0.0002
Epoch 454/500, Loss: 0.0002
Epoch 455/500, Loss: 0.0002
Epoch 456/500, Loss: 0.0002
Epoch 457/500, Loss: 0.0002
Epoch 458/500, Loss: 0.0002
Epoch 459/500, Loss: 0.0002
Epoch 460/500, Loss: 0.0002
Epoch 461/500, Loss: 0.0002
Epoch 462/500, Loss: 0.0002
Epoch 463/500, Loss: 0.0002
Epoch 464/500, Loss: 0.0002
Epoch 465/500, Loss: 0.0002
Epoch 466/500, Loss: 0.0002
Epoch 467/500, Loss: 0.0002
Epoch 468/500, Loss: 0.0002
Epoch 469/500, Loss: 0.0002
Epoch 470/500, Loss: 0.0002
Epoch 471/500, Loss: 0.0002
Epoch 472/500, Loss: 0.0002
Epoch 473/500, Loss: 0.0002
Epoch 474/500, Loss: 0.0002
Epoch 475/500, Loss: 0.0002
Epoch 476/500, Loss: 0.0002
Epoch 477/500, Loss: 0.0002
Epoch 478/500, Loss: 0.0002
Epoch 479/500, Loss: 0.0002
Epoch 480/500, Loss: 0.0002
Epoch 481/500, Loss: 0.0002
Epoch 482/500, Loss: 0.0002
Epoch 483/500, Loss: 0.0002
Epoch 484/500, Loss: 0.0002
Epoch 485/500, Loss: 0.0002
Epoch 486/500, Loss: 0.0002
Epoch 487/500, Loss: 0.0002
Epoch 488/500, Loss: 0.0002
Epoch 489/500, Loss: 0.0002
Epoch 490/500, Loss: 0.0002
Epoch 491/500, Loss: 0.0002
Epoch 492/500, Loss: 0.0002
Epoch 493/500, Loss: 0.0002
Epoch 494/500, Loss: 0.0002
Epoch 495/500, Loss: 0.0002
Epoch 496/500, Loss: 0.0002
Epoch 497/500, Loss: 0.0002
Epoch 498/500, Loss: 0.0002
Epoch 499/500, Loss: 0.0002
Epoch 500/500, Loss: 0.0002
Processed validation image 1/11
Processed validation image 2/11
Processed validation image 3/11
Processed validation image 4/11
Processed validation image 5/11
Processed validation image 6/11
Processed validation image 7/11
Processed validation image 8/11
Processed validation image 9/11
Processed validation image 10/11
Processed validation image 11/11
