/proj/synthetic_alzheimer/users/x_almle/mri-sr-bob
***********************************
You have loaded a Miniforge3 module
***********************************
---------------------------------------------------------------------------------------------------
NOTE: NSC strongly advices against placing 'mamba activate' (or 'conda
activate', with or without
      arguments) or conda initialize commands in your shell initialization
files, (e.g. '.bashrc' or '.bash_profile') since
      this severely alters the environment for running software in ways that
cause unpredictable
      issues that can be difficult to diagnose.
---------------------------------------------------------------------------------------------------

hey
Start at: 2025-10-07T15:36:57.233117
T1 files: 71, T2 files: 71, T2 LR files: 71
71
Train patches: 49, Val patches: 11, Test patches: 11
Number of training batches: 38539
Network initialized
Number of epochs: 50
Using: cuda (SLURM GPUs: 1)
Starting training...
Epoch 1/50, Loss: 0.0013
Epoch 2/50, Loss: 0.0006
Epoch 3/50, Loss: 0.0005
Epoch 4/50, Loss: 0.0004
Epoch 5/50, Loss: 0.0004
Epoch 6/50, Loss: 0.0004
Epoch 7/50, Loss: 0.0003
Epoch 8/50, Loss: 0.0003
Epoch 9/50, Loss: 0.0003
Epoch 10/50, Loss: 0.0003
Epoch 11/50, Loss: 0.0003
Epoch 12/50, Loss: 0.0003
Epoch 13/50, Loss: 0.0003
Epoch 14/50, Loss: 0.0003
Epoch 15/50, Loss: 0.0003
Epoch 16/50, Loss: 0.0003
Epoch 17/50, Loss: 0.0003
Epoch 18/50, Loss: 0.0003
Epoch 19/50, Loss: 0.0003
Epoch 20/50, Loss: 0.0003
Epoch 21/50, Loss: 0.0003
Epoch 22/50, Loss: 0.0003
Epoch 23/50, Loss: 0.0003
Epoch 24/50, Loss: 0.0003
Epoch 25/50, Loss: 0.0003
Epoch 26/50, Loss: 0.0003
Epoch 27/50, Loss: 0.0003
Epoch 28/50, Loss: 0.0003
Epoch 29/50, Loss: 0.0003
Epoch 30/50, Loss: 0.0003
Epoch 31/50, Loss: 0.0003
Epoch 32/50, Loss: 0.0003
Epoch 33/50, Loss: 0.0003
Epoch 34/50, Loss: 0.0002
Epoch 35/50, Loss: 0.0002
Epoch 36/50, Loss: 0.0002
Epoch 37/50, Loss: 0.0002
Epoch 38/50, Loss: 0.0002
Epoch 39/50, Loss: 0.0002
Epoch 40/50, Loss: 0.0002
Epoch 41/50, Loss: 0.0002
Epoch 42/50, Loss: 0.0002
Epoch 43/50, Loss: 0.0002
Epoch 44/50, Loss: 0.0002
Epoch 45/50, Loss: 0.0002
Epoch 46/50, Loss: 0.0002
Epoch 47/50, Loss: 0.0002
Epoch 48/50, Loss: 0.0002
Epoch 49/50, Loss: 0.0002
Epoch 50/50, Loss: 0.0002
Processed validation image 1/11
Processed validation image 2/11
Processed validation image 3/11
Processed validation image 4/11
Processed validation image 5/11
Processed validation image 6/11
Processed validation image 7/11
Processed validation image 8/11
Processed validation image 9/11
Processed validation image 10/11
Processed validation image 11/11
End at: 2025-10-07T20:32:21.939419
